<?xml version="1.0" encoding="UTF-8"?>
<!-- Generated by org.testng.reporters.JUnitReportReporter -->
<testsuite skipped="0" hostname="DESKTOP-MS5K9AM" name="com.gator.tests.BatchesTest" tests="17" failures="0" timestamp="16 May 2018 20:55:07 GMT" time="18.664" errors="0">
  <testcase name="login" time="2.821" classname="com.gator.tests.BatchesTest"/>
  <testcase name="verifyBatchesPageLoad" time="3.146" classname="com.gator.tests.BatchesTest"/>
  <testcase name="verifyTableLoad" time="0.255" classname="com.gator.tests.BatchesTest"/>
  <testcase name="verifyTimelineLoad" time="0.075" classname="com.gator.tests.BatchesTest"/>
  <testcase name="verifyRoomSort" time="0.524" classname="com.gator.tests.BatchesTest"/>
  <testcase name="verifyFocusSort" time="0.418" classname="com.gator.tests.BatchesTest"/>
  <testcase name="verifyTrainerSort" time="0.448" classname="com.gator.tests.BatchesTest"/>
  <testcase name="verifyStartDateSort" time="1.032" classname="com.gator.tests.BatchesTest"/>
  <testcase name="verifyEndDateSort" time="1.029" classname="com.gator.tests.BatchesTest"/>
  <testcase name="verifyEndDateArrowSort" time="1.198" classname="com.gator.tests.BatchesTest"/>
  <testcase name="verifyNameSort" time="0.600" classname="com.gator.tests.BatchesTest"/>
  <testcase name="verifyStartDateArrowSort" time="0.176" classname="com.gator.tests.BatchesTest"/>
  <testcase name="verifyBuildingSort" time="3.196" classname="com.gator.tests.BatchesTest"/>
  <testcase name="verifyCurriculumSort" time="0.603" classname="com.gator.tests.BatchesTest"/>
  <testcase name="verifyLocationSort" time="0.523" classname="com.gator.tests.BatchesTest"/>
  <testcase name="assertTableSizeLargerThanZero" time="0.193" classname="com.gator.tests.BatchesTest"/>
  <testcase name="logout" time="2.427" classname="com.gator.tests.BatchesTest"/>
</testsuite> <!-- com.gator.tests.BatchesTest -->
