<?xml version="1.0" encoding="UTF-8"?>
<!-- Generated by org.testng.reporters.JUnitReportReporter -->
<testsuite skipped="0" hostname="DESKTOP-HNPPUVQ" name="com.gator.tests.LocationsTest" tests="1" failures="0" timestamp="16 May 2018 18:40:07 GMT" time="23.048" errors="0">
  <testcase name="addLocation_test" time="23.048" classname="com.gator.tests.LocationsTest"/>
</testsuite> <!-- com.gator.tests.LocationsTest -->
