<?xml version="1.0" encoding="UTF-8"?>
<!-- Generated by org.testng.reporters.JUnitReportReporter -->
<testsuite skipped="0" hostname="DESKTOP-HNPPUVQ" name="com.gator.tests.LocationsTest" tests="1" failures="0" timestamp="16 May 2018 20:21:49 GMT" time="29.281" errors="0">
  <testcase name="addLocation_test" time="29.281" classname="com.gator.tests.LocationsTest"/>
</testsuite> <!-- com.gator.tests.LocationsTest -->
