<?xml version="1.0" encoding="UTF-8"?>
<!-- Generated by org.testng.reporters.JUnitReportReporter -->
<testsuite skipped="0" hostname="LAPTOP-47E6KR6U" name="com.gator.tests.OverviewTest" tests="9" failures="0" timestamp="15 May 2018 20:44:58 GMT" time="5.677" errors="0">
  <testcase name="overview_test" time="4.475" classname="com.gator.tests.OverviewTest"/>
  <testcase name="test8" time="0.166" classname="com.gator.tests.OverviewTest"/>
  <testcase name="test7" time="0.168" classname="com.gator.tests.OverviewTest"/>
  <testcase name="test2" time="0.116" classname="com.gator.tests.OverviewTest"/>
  <testcase name="test4" time="0.116" classname="com.gator.tests.OverviewTest"/>
  <testcase name="test9" time="0.143" classname="com.gator.tests.OverviewTest"/>
  <testcase name="test6" time="0.164" classname="com.gator.tests.OverviewTest"/>
  <testcase name="test3" time="0.164" classname="com.gator.tests.OverviewTest"/>
  <testcase name="test5" time="0.165" classname="com.gator.tests.OverviewTest"/>
</testsuite> <!-- com.gator.tests.OverviewTest -->
