<?xml version="1.0" encoding="UTF-8"?>
<!-- Generated by org.testng.reporters.JUnitReportReporter -->
<testsuite skipped="0" hostname="LAPTOP-B4P3J0KB" name="request.OverviewTest" tests="10" failures="0" timestamp="14 May 2018 17:12:49 GMT" time="14.526" errors="0">
  <testcase name="test2" time="0.116" classname="request.OverviewTest"/>
  <testcase name="test6" time="0.176" classname="request.OverviewTest"/>
  <testcase name="beforeyTest" time="8.916" classname="request.OverviewTest"/>
  <testcase name="overview_test" time="4.382" classname="request.OverviewTest"/>
  <testcase name="test3" time="0.206" classname="request.OverviewTest"/>
  <testcase name="test7" time="0.161" classname="request.OverviewTest"/>
  <testcase name="test5" time="0.167" classname="request.OverviewTest"/>
  <testcase name="test9" time="0.157" classname="request.OverviewTest"/>
  <testcase name="test8" time="0.162" classname="request.OverviewTest"/>
  <testcase name="test4" time="0.083" classname="request.OverviewTest"/>
</testsuite> <!-- request.OverviewTest -->
