<?xml version="1.0" encoding="UTF-8"?>
<!-- Generated by org.testng.reporters.JUnitReportReporter -->
<testsuite skipped="0" hostname="DESKTOP-MS5K9AM" name="webdriver.loginCukes.TestRunner" tests="1" failures="0" timestamp="10 May 2018 16:41:25 GMT" time="10.103" errors="0">
  <testcase name="feature" time="10.103" classname="webdriver.loginCukes.TestRunner"/>
</testsuite> <!-- webdriver.loginCukes.TestRunner -->
