<?xml version="1.0" encoding="UTF-8"?>
<!-- Generated by org.testng.reporters.JUnitReportReporter -->
<testsuite skipped="4" hostname="LAPTOP-B4P3J0KB" name="com.gator.pages.CurriculumTestNG" tests="4" failures="0" timestamp="11 May 2018 21:08:01 GMT" time="0.000" errors="0">
  <testcase name="testCoreSize" time="0.000" classname="com.gator.pages.CurriculumTestNG">
    <skipped/>
  </testcase> <!-- testCoreSize -->
  <testcase name="testFocusSize" time="0.000" classname="com.gator.pages.CurriculumTestNG">
    <skipped/>
  </testcase> <!-- testFocusSize -->
  <testcase name="testSkillscore" time="0.000" classname="com.gator.pages.CurriculumTestNG">
    <skipped/>
  </testcase> <!-- testSkillscore -->
  <testcase name="testSkillsfocus" time="0.000" classname="com.gator.pages.CurriculumTestNG">
    <skipped/>
  </testcase> <!-- testSkillsfocus -->
</testsuite> <!-- com.gator.pages.CurriculumTestNG -->
