<?xml version="1.0" encoding="UTF-8"?>
<!-- Generated by org.testng.reporters.JUnitReportReporter -->
<testsuite skipped="2" hostname="LAPTOP-47E6KR6U" name="com.gator.tests.TrainersTest" tests="3" failures="0" timestamp="15 May 2018 20:49:56 GMT" time="3.195" errors="0">
  <testcase name="enterTrainerAndSubmit" time="3.195" classname="com.gator.tests.TrainersTest"/>
  <testcase name="activateTrainer" classname="com.gator.tests.TrainersTest">
    <skipped/>
  </testcase> <!-- activateTrainer -->
  <testcase name="deactivateTrainer" classname="com.gator.tests.TrainersTest">
    <skipped/>
  </testcase> <!-- deactivateTrainer -->
</testsuite> <!-- com.gator.tests.TrainersTest -->
