<?xml version="1.0" encoding="UTF-8"?>
<!-- Generated by org.testng.reporters.JUnitReportReporter -->
<testsuite skipped="4" hostname="LAPTOP-B4P3J0KB" name="com.gator.pages.BatchesTest" tests="4" failures="0" timestamp="11 May 2018 21:08:01 GMT" time="0.000" errors="0">
  <testcase name="verifyDateSort" time="0.000" classname="com.gator.pages.BatchesTest">
    <skipped/>
  </testcase> <!-- verifyDateSort -->
  <testcase name="verifyTableLoad" time="0.000" classname="com.gator.pages.BatchesTest">
    <skipped/>
  </testcase> <!-- verifyTableLoad -->
  <testcase name="verifyPageLoad" time="0.000" classname="com.gator.pages.BatchesTest">
    <skipped/>
  </testcase> <!-- verifyPageLoad -->
  <testcase name="verifyTimelineLoad" time="0.000" classname="com.gator.pages.BatchesTest">
    <skipped/>
  </testcase> <!-- verifyTimelineLoad -->
</testsuite> <!-- com.gator.pages.BatchesTest -->
