<?xml version="1.0" encoding="UTF-8"?>
<!-- Generated by org.testng.reporters.JUnitReportReporter -->
<testsuite skipped="9" hostname="DESKTOP-MS5K9AM" name="webdriver.overviewTest" tests="9" failures="0" timestamp="11 May 2018 18:47:08 GMT" time="0.000" errors="0">
  <testcase name="overview_test" time="0.000" classname="webdriver.overviewTest">
    <skipped/>
  </testcase> <!-- overview_test -->
  <testcase name="test5" time="0.000" classname="webdriver.overviewTest">
    <skipped/>
  </testcase> <!-- test5 -->
  <testcase name="test9" time="0.000" classname="webdriver.overviewTest">
    <skipped/>
  </testcase> <!-- test9 -->
  <testcase name="test6" time="0.000" classname="webdriver.overviewTest">
    <skipped/>
  </testcase> <!-- test6 -->
  <testcase name="test3" time="0.000" classname="webdriver.overviewTest">
    <skipped/>
  </testcase> <!-- test3 -->
  <testcase name="test7" time="0.000" classname="webdriver.overviewTest">
    <skipped/>
  </testcase> <!-- test7 -->
  <testcase name="test8" time="0.000" classname="webdriver.overviewTest">
    <skipped/>
  </testcase> <!-- test8 -->
  <testcase name="test4" time="0.000" classname="webdriver.overviewTest">
    <skipped/>
  </testcase> <!-- test4 -->
  <testcase name="test2" time="0.000" classname="webdriver.overviewTest">
    <skipped/>
  </testcase> <!-- test2 -->
</testsuite> <!-- webdriver.overviewTest -->
