<?xml version="1.0" encoding="UTF-8"?>
<!-- Generated by org.testng.reporters.JUnitReportReporter -->
<testsuite skipped="0" hostname="LAPTOP-B4P3J0KB" name="CurriculumTestNG" tests="4" failures="0" timestamp="11 May 2018 19:07:21 GMT" time="1.462" errors="0">
  <testcase name="testCoreSize" time="0.432" classname="CurriculumTestNG"/>
  <testcase name="testFocusSize" time="0.312" classname="CurriculumTestNG"/>
  <testcase name="testSkillscore" time="0.454" classname="CurriculumTestNG"/>
  <testcase name="testSkillsfocus" time="0.264" classname="CurriculumTestNG"/>
</testsuite> <!-- CurriculumTestNG -->
