<?xml version="1.0" encoding="UTF-8"?>
<!-- Generated by org.testng.reporters.JUnitReportReporter -->
<testsuite skipped="5" hostname="LAPTOP-B4P3J0KB" name="com.gator.tests.ReportsTest" tests="5" failures="0" timestamp="14 May 2018 02:15:20 GMT" time="0.000" errors="0">
  <testcase name="batch_table_Expands" time="0.000" classname="com.gator.tests.ReportsTest">
    <skipped/>
  </testcase> <!-- batch_table_Expands -->
  <testcase name="navigate_To_Reports" time="0.000" classname="com.gator.tests.ReportsTest">
    <skipped/>
  </testcase> <!-- navigate_To_Reports -->
  <testcase name="trainee_table_Expands" time="0.000" classname="com.gator.tests.ReportsTest">
    <skipped/>
  </testcase> <!-- trainee_table_Expands -->
  <testcase name="graduate_table_Expands" time="0.000" classname="com.gator.tests.ReportsTest">
    <skipped/>
  </testcase> <!-- graduate_table_Expands -->
  <testcase name="trainee_table_validInputs" time="0.000" classname="com.gator.tests.ReportsTest">
    <skipped/>
  </testcase> <!-- trainee_table_validInputs -->
</testsuite> <!-- com.gator.tests.ReportsTest -->
