<?xml version="1.0" encoding="UTF-8"?>
<!-- Generated by org.testng.reporters.JUnitReportReporter -->
<testsuite skipped="3" hostname="LAPTOP-B4P3J0KB" name="com.gator.tests.TrainersTest" tests="3" failures="0" timestamp="14 May 2018 02:15:20 GMT" time="0.000" errors="0">
  <testcase name="enterTrainerAndSubmit" time="0.000" classname="com.gator.tests.TrainersTest">
    <skipped/>
  </testcase> <!-- enterTrainerAndSubmit -->
  <testcase name="deactivateTrainer" time="0.000" classname="com.gator.tests.TrainersTest">
    <skipped/>
  </testcase> <!-- deactivateTrainer -->
  <testcase name="activateTrainer" time="0.000" classname="com.gator.tests.TrainersTest">
    <skipped/>
  </testcase> <!-- activateTrainer -->
</testsuite> <!-- com.gator.tests.TrainersTest -->
