<?xml version="1.0" encoding="UTF-8"?>
<!-- Generated by org.testng.reporters.JUnitReportReporter -->
<testsuite skipped="1" hostname="LAPTOP-B4P3J0KB" name="com.gator.tests.LocationsTest" tests="1" failures="0" timestamp="14 May 2018 02:15:20 GMT" time="0.000" errors="0">
  <testcase name="addLocation_test" time="0.000" classname="com.gator.tests.LocationsTest">
    <skipped/>
  </testcase> <!-- addLocation_test -->
</testsuite> <!-- com.gator.tests.LocationsTest -->
