<?xml version="1.0" encoding="UTF-8"?>
<!-- Generated by org.testng.reporters.JUnitReportReporter -->
<testsuite skipped="9" hostname="LAPTOP-B4P3J0KB" name="com.gator.tests.OverviewTest" tests="9" failures="0" timestamp="14 May 2018 02:15:20 GMT" time="0.000" errors="0">
  <testcase name="test7" time="0.000" classname="com.gator.tests.OverviewTest">
    <skipped/>
  </testcase> <!-- test7 -->
  <testcase name="test3" time="0.000" classname="com.gator.tests.OverviewTest">
    <skipped/>
  </testcase> <!-- test3 -->
  <testcase name="test6" time="0.000" classname="com.gator.tests.OverviewTest">
    <skipped/>
  </testcase> <!-- test6 -->
  <testcase name="test9" time="0.000" classname="com.gator.tests.OverviewTest">
    <skipped/>
  </testcase> <!-- test9 -->
  <testcase name="test2" time="0.000" classname="com.gator.tests.OverviewTest">
    <skipped/>
  </testcase> <!-- test2 -->
  <testcase name="test4" time="0.000" classname="com.gator.tests.OverviewTest">
    <skipped/>
  </testcase> <!-- test4 -->
  <testcase name="test5" time="0.000" classname="com.gator.tests.OverviewTest">
    <skipped/>
  </testcase> <!-- test5 -->
  <testcase name="overview_test" time="0.000" classname="com.gator.tests.OverviewTest">
    <skipped/>
  </testcase> <!-- overview_test -->
  <testcase name="test8" time="0.000" classname="com.gator.tests.OverviewTest">
    <skipped/>
  </testcase> <!-- test8 -->
</testsuite> <!-- com.gator.tests.OverviewTest -->
