<?xml version="1.0" encoding="UTF-8"?>
<!-- Generated by org.testng.reporters.JUnitReportReporter -->
<testsuite skipped="0" hostname="LAPTOP-B4P3J0KB" name="com.gator.tests.CurriculumTestNG" tests="4" failures="0" timestamp="16 May 2018 13:27:43 GMT" time="1.666" errors="0">
  <testcase name="testCoreSize" time="1.064" classname="com.gator.tests.CurriculumTestNG"/>
  <testcase name="testFocusSize" time="0.181" classname="com.gator.tests.CurriculumTestNG"/>
  <testcase name="testSkillscore" time="0.215" classname="com.gator.tests.CurriculumTestNG"/>
  <testcase name="testSkillsfocus" time="0.206" classname="com.gator.tests.CurriculumTestNG"/>
</testsuite> <!-- com.gator.tests.CurriculumTestNG -->
