<?xml version="1.0" encoding="UTF-8"?>
<!-- Generated by org.testng.reporters.JUnitReportReporter -->
<testsuite skipped="0" hostname="LAPTOP-B4P3J0KB" name="request.RequestHelper" tests="1" failures="0" timestamp="14 May 2018 15:10:10 GMT" time="19.644" errors="0">
  <testcase name="process" time="19.644" classname="request.RequestHelper"/>
</testsuite> <!-- request.RequestHelper -->
