<?xml version="1.0" encoding="UTF-8"?>
<!-- Generated by org.testng.reporters.JUnitReportReporter -->
<testsuite skipped="0" hostname="LAPTOP-B4P3J0KB" name="request.OverviewTest" tests="10" failures="0" timestamp="14 May 2018 17:33:23 GMT" time="11.907" errors="0">
  <testcase name="test9" time="0.130" classname="request.OverviewTest"/>
  <testcase name="test2" time="0.180" classname="request.OverviewTest"/>
  <testcase name="test4" time="0.220" classname="request.OverviewTest"/>
  <testcase name="test3" time="0.098" classname="request.OverviewTest"/>
  <testcase name="test5" time="0.103" classname="request.OverviewTest"/>
  <testcase name="test8" time="0.162" classname="request.OverviewTest"/>
  <testcase name="beforeyTest" time="6.252" classname="request.OverviewTest"/>
  <testcase name="test6" time="0.169" classname="request.OverviewTest"/>
  <testcase name="overview_test" time="4.429" classname="request.OverviewTest"/>
  <testcase name="test7" time="0.164" classname="request.OverviewTest"/>
</testsuite> <!-- request.OverviewTest -->
