<?xml version="1.0" encoding="UTF-8"?>
<!-- Generated by org.testng.reporters.JUnitReportReporter -->
<testsuite skipped="0" hostname="LAPTOP-B4P3J0KB" name="request.mercurytest" tests="1" failures="0" timestamp="14 May 2018 02:18:47 GMT" time="7.409" errors="0">
  <testcase name="openApplication" time="7.409" classname="request.mercurytest"/>
</testsuite> <!-- request.mercurytest -->
