<?xml version="1.0" encoding="UTF-8"?>
<!-- Generated by org.testng.reporters.JUnitReportReporter -->
<testsuite skipped="0" hostname="LAPTOP-B4P3J0KB" name="com.gator.tests.OverviewTest" tests="9" failures="0" timestamp="16 May 2018 00:37:02 GMT" time="4.138" errors="0">
  <testcase name="test4" time="0.162" classname="com.gator.tests.OverviewTest"/>
  <testcase name="test3" time="0.183" classname="com.gator.tests.OverviewTest"/>
  <testcase name="test5" time="0.199" classname="com.gator.tests.OverviewTest"/>
  <testcase name="test7" time="0.183" classname="com.gator.tests.OverviewTest"/>
  <testcase name="test9" time="0.230" classname="com.gator.tests.OverviewTest"/>
  <testcase name="overview_test" time="2.668" classname="com.gator.tests.OverviewTest"/>
  <testcase name="test6" time="0.207" classname="com.gator.tests.OverviewTest"/>
  <testcase name="test2" time="0.135" classname="com.gator.tests.OverviewTest"/>
  <testcase name="test8" time="0.171" classname="com.gator.tests.OverviewTest"/>
</testsuite> <!-- com.gator.tests.OverviewTest -->
