<?xml version="1.0" encoding="UTF-8"?>
<!-- Generated by org.testng.reporters.JUnitReportReporter -->
<testsuite skipped="1" hostname="LAPTOP-B4P3J0KB" name="webdriver.loginCukes.TestRunner" tests="1" failures="0" timestamp="14 May 2018 17:33:23 GMT" time="0.000" errors="0">
  <testcase name="feature" time="0.000" classname="webdriver.loginCukes.TestRunner">
    <skipped/>
  </testcase> <!-- feature -->
</testsuite> <!-- webdriver.loginCukes.TestRunner -->
