<?xml version="1.0" encoding="UTF-8"?>
<!-- Generated by org.testng.reporters.JUnitReportReporter -->
<testsuite skipped="0" hostname="LAPTOP-B4P3J0KB" name="com.gator.tests.Curric_TestRunner" tests="1" failures="0" timestamp="16 May 2018 20:39:07 GMT" time="11.486" errors="0">
  <testcase name="feature" time="11.486" classname="com.gator.tests.Curric_TestRunner"/>
</testsuite> <!-- com.gator.tests.Curric_TestRunner -->
