<?xml version="1.0" encoding="UTF-8"?>
<!-- Generated by org.testng.reporters.JUnitReportReporter -->
<testsuite skipped="0" hostname="LAPTOP-B4P3J0KB" name="com.gator.tests.Focus_TestRunner$Core_TestRunner" tests="1" failures="0" timestamp="16 May 2018 21:05:59 GMT" time="9.710" errors="0">
  <testcase name="feature" time="9.710" classname="com.gator.tests.Focus_TestRunner$Core_TestRunner"/>
</testsuite> <!-- com.gator.tests.Focus_TestRunner$Core_TestRunner -->
