<?xml version="1.0" encoding="UTF-8"?>
<!-- Generated by org.testng.reporters.JUnitReportReporter -->
<testsuite skipped="0" hostname="LAPTOP-B4P3J0KB" name="com.gator.tests.CurriculaVP" tests="1" failures="0" timestamp="17 May 2018 19:32:01 GMT" time="0.131" errors="0">
  <testcase name="testCoreSize" time="0.131" classname="com.gator.tests.CurriculaVP"/>
</testsuite> <!-- com.gator.tests.CurriculaVP -->
